  croutine.c
  event_groups.c
  list.c
  heap_4.c
  port.c
  queue.c
  stream_buffer.c
  tasks.c
  timers.c
  appControllerTask.c
D:\ESW_Exam\FreeRTOS_ESW_Exam\FreeRTOS_ESW_Exam\appControllerTask.c(99,9): warning C4013: 'printf' undefined; assuming extern returning int
  main.c
  transmitterTask.c
D:\ESW_Exam\FreeRTOS_ESW_Exam\FreeRTOS_ESW_Exam\transmitterTask.c(44,8): warning C4013: 'printf' undefined; assuming extern returning int
  waterLevelSensorTask.c
D:\ESW_Exam\FreeRTOS_ESW_Exam\FreeRTOS_ESW_Exam\waterLevelSensorTask.c(64,8): warning C4013: 'printf' undefined; assuming extern returning int
  waterTemperatureSensorTask.c
D:\ESW_Exam\FreeRTOS_ESW_Exam\FreeRTOS_ESW_Exam\waterTemperatureSensorTask.c(58,8): warning C4013: 'printf' undefined; assuming extern returning int
  Generating Code...
  FreeRTOS_ESW_Exam.vcxproj -> D:\ESW_Exam\FreeRTOS_ESW_Exam\Debug\FreeRTOS_ESW_Exam.exe
