d:\esw_exam\freertos_esw_exam\freertos_esw_exam\debug\vc142.pdb
d:\esw_exam\freertos_esw_exam\freertos_esw_exam\debug\vc142.idb
d:\esw_exam\freertos_esw_exam\freertos_esw_exam\debug\watertemperaturesensortask.obj
d:\esw_exam\freertos_esw_exam\freertos_esw_exam\debug\waterlevelsensortask.obj
d:\esw_exam\freertos_esw_exam\freertos_esw_exam\debug\transmittertask.obj
d:\esw_exam\freertos_esw_exam\freertos_esw_exam\debug\main.obj
d:\esw_exam\freertos_esw_exam\freertos_esw_exam\debug\appcontrollertask.obj
d:\esw_exam\freertos_esw_exam\freertos_esw_exam\debug\timers.obj
d:\esw_exam\freertos_esw_exam\freertos_esw_exam\debug\tasks.obj
d:\esw_exam\freertos_esw_exam\freertos_esw_exam\debug\stream_buffer.obj
d:\esw_exam\freertos_esw_exam\freertos_esw_exam\debug\queue.obj
d:\esw_exam\freertos_esw_exam\freertos_esw_exam\debug\port.obj
d:\esw_exam\freertos_esw_exam\freertos_esw_exam\debug\heap_4.obj
d:\esw_exam\freertos_esw_exam\freertos_esw_exam\debug\list.obj
d:\esw_exam\freertos_esw_exam\freertos_esw_exam\debug\event_groups.obj
d:\esw_exam\freertos_esw_exam\freertos_esw_exam\debug\croutine.obj
d:\esw_exam\freertos_esw_exam\debug\freertos_esw_exam.ilk
d:\esw_exam\freertos_esw_exam\debug\freertos_esw_exam.exe
d:\esw_exam\freertos_esw_exam\debug\freertos_esw_exam.pdb
d:\esw_exam\freertos_esw_exam\freertos_esw_exam\debug\freertos.89df9f5d.tlog\cl.command.1.tlog
d:\esw_exam\freertos_esw_exam\freertos_esw_exam\debug\freertos.89df9f5d.tlog\cl.read.1.tlog
d:\esw_exam\freertos_esw_exam\freertos_esw_exam\debug\freertos.89df9f5d.tlog\cl.write.1.tlog
d:\esw_exam\freertos_esw_exam\freertos_esw_exam\debug\freertos.89df9f5d.tlog\link.command.1.tlog
d:\esw_exam\freertos_esw_exam\freertos_esw_exam\debug\freertos.89df9f5d.tlog\link.read.1.tlog
d:\esw_exam\freertos_esw_exam\freertos_esw_exam\debug\freertos.89df9f5d.tlog\link.write.1.tlog
